This file contains any messages produced by compilers while
running configure, to aid debugging if configure makes a mistake.

It was created by nzbget configure 0.7.0, which was
generated by GNU Autoconf 2.63.  Invocation command line was

  $ ./configure --build=i386-pc-linux-gnu --host=arm-linux --target=arm-linux --prefix=/opt --libdir=/opt/lib/ --disable-parcheck --with-tlslib=OpenSSL --with-openssl-includes=/home/magic/optware/mbwe-bluering/staging/opt/include/ --with-openssl-libraries=/home/magic/optware/mbwe-bluering/build/openssl --with-libxml2-includes=/home/magic/optware/mbwe-bluering/staging/opt/include/libxml2/ --with-libxml2-libraries=/home/magic/optware/mbwe-bluering/builds/libxml2/.libs/ --with-libcurses-includes=/home/magic/optware/mbwe-bluering/builds/ncurses/include --with-libcurses-libraries=/home/magic/optware/mbwe-bluering/builds/ncurses/lib

## --------- ##
## Platform. ##
## --------- ##

hostname = magic-desktop
uname -m = i686
uname -r = 2.6.32-45-generic
uname -s = Linux
uname -v = #101-Ubuntu SMP Mon Dec 3 15:41:13 UTC 2012

/usr/bin/uname -p = unknown
/bin/uname -X     = unknown

/bin/arch              = i686
/usr/bin/arch -k       = unknown
/usr/convex/getsysinfo = unknown
/usr/bin/hostinfo      = unknown
/bin/machine           = unknown
/usr/bin/oslevel       = unknown
/bin/universe          = unknown

PATH: /home/magic/asuswrt/release/src-rt-6.x.4708/toolchains/hndtools-arm-linux-2.6.36-uclibc-4.5.3/bin
PATH: /usr/local/sbin
PATH: /usr/local/bin
PATH: /usr/sbin
PATH: /usr/bin
PATH: /sbin
PATH: /bin


## ----------- ##
## Core tests. ##
## ----------- ##

configure:1957: checking for a BSD-compatible install
configure:2025: result: /usr/bin/install -c
configure:2036: checking whether build environment is sane
configure:2079: result: yes
configure:2141: checking for gawk
configure:2157: found /usr/bin/gawk
configure:2168: result: gawk
configure:2179: checking whether make sets $(MAKE)
configure:2201: result: yes
configure:2277: checking for arm-linux-strip
configure:2307: result: no
configure:2317: checking for strip
configure:2333: found /usr/bin/strip
configure:2344: result: strip
configure:2356: WARNING: using cross tools not prefixed with host triplet
configure:2393: checking build system type
configure:2411: result: i386-pc-linux-gnu
configure:2433: checking host system type
configure:2448: result: arm-unknown-linux-gnu
configure:2599: checking for C++ compiler version
configure:2607: /home/magic/optware/mbwe-bluering/toolchain/mbwe-bluering-buildroot/build_arm_nofpu/staging_dir/bin/arm-linux-uclibc-g++ --version >&5
arm-linux-uclibc-g++ (GCC) 3.4.2
Copyright (C) 2004 Free Software Foundation, Inc.
This is free software; see the source for copying conditions.  There is NO
warranty; not even for MERCHANTABILITY or FITNESS FOR A PARTICULAR PURPOSE.

configure:2611: $? = 0
configure:2618: /home/magic/optware/mbwe-bluering/toolchain/mbwe-bluering-buildroot/build_arm_nofpu/staging_dir/bin/arm-linux-uclibc-g++ -v >&5
Reading specs from /home/magic/optware/mbwe-bluering/toolchain/mbwe-bluering-buildroot/build_arm_nofpu/staging_dir/lib/gcc/arm-linux-uclibc/3.4.2/specs
Configured with: /home/magic/optware/mbwe-bluering/toolchain/mbwe-bluering-buildroot/toolchain_build_arm_nofpu/gcc-3.4.2/configure --prefix=/home/magic/optware/mbwe-bluering/toolchain/mbwe-bluering-buildroot/build_arm_nofpu/staging_dir --build=i386-pc-linux-gnu --host=i386-pc-linux-gnu --target=arm-linux-uclibc --enable-languages=c,c++ --enable-shared --disable-__cxa_atexit --enable-target-optspace --with-gnu-ld --disable-nls --enable-threads --enable-multilib --with-float=soft
Thread model: posix
gcc version 3.4.2
configure:2622: $? = 0
configure:2629: /home/magic/optware/mbwe-bluering/toolchain/mbwe-bluering-buildroot/build_arm_nofpu/staging_dir/bin/arm-linux-uclibc-g++ -V >&5
arm-linux-uclibc-g++: `-V' option must have argument
configure:2633: $? = 1
configure:2656: checking for C++ compiler default output file name
configure:2678: /home/magic/optware/mbwe-bluering/toolchain/mbwe-bluering-buildroot/build_arm_nofpu/staging_dir/bin/arm-linux-uclibc-g++   -L/home/magic/optware/mbwe-bluering/staging/opt/lib -Wl,-rpath,/opt/lib -Wl,-rpath-link,/home/magic/optware/mbwe-bluering/staging/opt/lib conftest.cpp  >&5
configure:2682: $? = 0
configure:2720: result: a.out
configure:2739: checking whether the C++ compiler works
configure:2772: result: yes
configure:2779: checking whether we are cross compiling
configure:2781: result: yes
configure:2784: checking for suffix of executables
configure:2791: /home/magic/optware/mbwe-bluering/toolchain/mbwe-bluering-buildroot/build_arm_nofpu/staging_dir/bin/arm-linux-uclibc-g++ -o conftest   -L/home/magic/optware/mbwe-bluering/staging/opt/lib -Wl,-rpath,/opt/lib -Wl,-rpath-link,/home/magic/optware/mbwe-bluering/staging/opt/lib conftest.cpp  >&5
configure:2795: $? = 0
configure:2821: result: 
configure:2827: checking for suffix of object files
configure:2853: /home/magic/optware/mbwe-bluering/toolchain/mbwe-bluering-buildroot/build_arm_nofpu/staging_dir/bin/arm-linux-uclibc-g++ -c   conftest.cpp >&5
configure:2857: $? = 0
configure:2882: result: o
configure:2886: checking whether we are using the GNU C++ compiler
configure:2915: /home/magic/optware/mbwe-bluering/toolchain/mbwe-bluering-buildroot/build_arm_nofpu/staging_dir/bin/arm-linux-uclibc-g++ -c   conftest.cpp >&5
configure:2922: $? = 0
configure:2939: result: yes
configure:2948: checking whether /home/magic/optware/mbwe-bluering/toolchain/mbwe-bluering-buildroot/build_arm_nofpu/staging_dir/bin/arm-linux-uclibc-g++ accepts -g
configure:2978: /home/magic/optware/mbwe-bluering/toolchain/mbwe-bluering-buildroot/build_arm_nofpu/staging_dir/bin/arm-linux-uclibc-g++ -c -g  conftest.cpp >&5
configure:2985: $? = 0
configure:3086: result: yes
configure:3120: checking for style of include used by make
configure:3148: result: GNU
configure:3176: checking dependency style of /home/magic/optware/mbwe-bluering/toolchain/mbwe-bluering-buildroot/build_arm_nofpu/staging_dir/bin/arm-linux-uclibc-g++
configure:3266: result: gcc3
configure:3285: checking for tar
configure:3303: found /home/magic/asuswrt/release/src-rt-6.x.4708/toolchains/hndtools-arm-linux-2.6.36-uclibc-4.5.3/bin/tar
configure:3316: result: /home/magic/asuswrt/release/src-rt-6.x.4708/toolchains/hndtools-arm-linux-2.6.36-uclibc-4.5.3/bin/tar
configure:3326: checking for make
configure:3344: found /usr/bin/make
configure:3357: result: /usr/bin/make
configure:3379: checking for a BSD-compatible install
configure:3447: result: /usr/bin/install -c
configure:3474: checking how to run the C++ preprocessor
configure:3510: /home/magic/optware/mbwe-bluering/toolchain/mbwe-bluering-buildroot/build_arm_nofpu/staging_dir/bin/arm-linux-uclibc-g++ -E  conftest.cpp
configure:3517: $? = 0
configure:3548: /home/magic/optware/mbwe-bluering/toolchain/mbwe-bluering-buildroot/build_arm_nofpu/staging_dir/bin/arm-linux-uclibc-g++ -E  conftest.cpp
conftest.cpp:10:28: ac_nonexistent.h: No such file or directory
configure:3555: $? = 1
configure: failed program was:
| /* confdefs.h.  */
| #define PACKAGE_NAME "nzbget"
| #define PACKAGE_TARNAME "nzbget"
| #define PACKAGE_VERSION "0.7.0"
| #define PACKAGE_STRING "nzbget 0.7.0"
| #define PACKAGE_BUGREPORT "hugbug@users.sourceforge.net"
| #define PACKAGE "nzbget"
| #define VERSION "0.7.0"
| /* end confdefs.h.  */
| #include <ac_nonexistent.h>
configure:3588: result: /home/magic/optware/mbwe-bluering/toolchain/mbwe-bluering-buildroot/build_arm_nofpu/staging_dir/bin/arm-linux-uclibc-g++ -E
configure:3617: /home/magic/optware/mbwe-bluering/toolchain/mbwe-bluering-buildroot/build_arm_nofpu/staging_dir/bin/arm-linux-uclibc-g++ -E  conftest.cpp
configure:3624: $? = 0
configure:3655: /home/magic/optware/mbwe-bluering/toolchain/mbwe-bluering-buildroot/build_arm_nofpu/staging_dir/bin/arm-linux-uclibc-g++ -E  conftest.cpp
conftest.cpp:10:28: ac_nonexistent.h: No such file or directory
configure:3662: $? = 1
configure: failed program was:
| /* confdefs.h.  */
| #define PACKAGE_NAME "nzbget"
| #define PACKAGE_TARNAME "nzbget"
| #define PACKAGE_VERSION "0.7.0"
| #define PACKAGE_STRING "nzbget 0.7.0"
| #define PACKAGE_BUGREPORT "hugbug@users.sourceforge.net"
| #define PACKAGE "nzbget"
| #define VERSION "0.7.0"
| /* end confdefs.h.  */
| #include <ac_nonexistent.h>
configure:3702: checking for grep that handles long lines and -e
configure:3762: result: /bin/grep
configure:3767: checking for egrep
configure:3831: result: /bin/grep -E
configure:3836: checking for ANSI C header files
configure:3866: /home/magic/optware/mbwe-bluering/toolchain/mbwe-bluering-buildroot/build_arm_nofpu/staging_dir/bin/arm-linux-uclibc-g++ -c -g -O2  conftest.cpp >&5
configure:3873: $? = 0
configure:4004: result: yes
configure:4028: checking for sys/types.h
configure:4049: /home/magic/optware/mbwe-bluering/toolchain/mbwe-bluering-buildroot/build_arm_nofpu/staging_dir/bin/arm-linux-uclibc-g++ -c -g -O2  conftest.cpp >&5
configure:4056: $? = 0
configure:4073: result: yes
configure:4028: checking for sys/stat.h
configure:4049: /home/magic/optware/mbwe-bluering/toolchain/mbwe-bluering-buildroot/build_arm_nofpu/staging_dir/bin/arm-linux-uclibc-g++ -c -g -O2  conftest.cpp >&5
configure:4056: $? = 0
configure:4073: result: yes
configure:4028: checking for stdlib.h
configure:4049: /home/magic/optware/mbwe-bluering/toolchain/mbwe-bluering-buildroot/build_arm_nofpu/staging_dir/bin/arm-linux-uclibc-g++ -c -g -O2  conftest.cpp >&5
configure:4056: $? = 0
configure:4073: result: yes
configure:4028: checking for string.h
configure:4049: /home/magic/optware/mbwe-bluering/toolchain/mbwe-bluering-buildroot/build_arm_nofpu/staging_dir/bin/arm-linux-uclibc-g++ -c -g -O2  conftest.cpp >&5
configure:4056: $? = 0
configure:4073: result: yes
configure:4028: checking for memory.h
configure:4049: /home/magic/optware/mbwe-bluering/toolchain/mbwe-bluering-buildroot/build_arm_nofpu/staging_dir/bin/arm-linux-uclibc-g++ -c -g -O2  conftest.cpp >&5
configure:4056: $? = 0
configure:4073: result: yes
configure:4028: checking for strings.h
configure:4049: /home/magic/optware/mbwe-bluering/toolchain/mbwe-bluering-buildroot/build_arm_nofpu/staging_dir/bin/arm-linux-uclibc-g++ -c -g -O2  conftest.cpp >&5
configure:4056: $? = 0
configure:4073: result: yes
configure:4028: checking for inttypes.h
configure:4049: /home/magic/optware/mbwe-bluering/toolchain/mbwe-bluering-buildroot/build_arm_nofpu/staging_dir/bin/arm-linux-uclibc-g++ -c -g -O2  conftest.cpp >&5
configure:4056: $? = 0
configure:4073: result: yes
configure:4028: checking for stdint.h
configure:4049: /home/magic/optware/mbwe-bluering/toolchain/mbwe-bluering-buildroot/build_arm_nofpu/staging_dir/bin/arm-linux-uclibc-g++ -c -g -O2  conftest.cpp >&5
configure:4056: $? = 0
configure:4073: result: yes
configure:4028: checking for unistd.h
configure:4049: /home/magic/optware/mbwe-bluering/toolchain/mbwe-bluering-buildroot/build_arm_nofpu/staging_dir/bin/arm-linux-uclibc-g++ -c -g -O2  conftest.cpp >&5
configure:4056: $? = 0
configure:4073: result: yes
configure:4103: checking sys/prctl.h usability
configure:4120: /home/magic/optware/mbwe-bluering/toolchain/mbwe-bluering-buildroot/build_arm_nofpu/staging_dir/bin/arm-linux-uclibc-g++ -c -g -O2  conftest.cpp >&5
configure:4127: $? = 0
configure:4141: result: yes
configure:4145: checking sys/prctl.h presence
configure:4160: /home/magic/optware/mbwe-bluering/toolchain/mbwe-bluering-buildroot/build_arm_nofpu/staging_dir/bin/arm-linux-uclibc-g++ -E  conftest.cpp
configure:4167: $? = 0
configure:4181: result: yes
configure:4214: checking for sys/prctl.h
configure:4223: result: yes
configure:4240: checking for library containing pthread_create
configure:4281: /home/magic/optware/mbwe-bluering/toolchain/mbwe-bluering-buildroot/build_arm_nofpu/staging_dir/bin/arm-linux-uclibc-g++ -o conftest -g -O2  -L/home/magic/optware/mbwe-bluering/staging/opt/lib -Wl,-rpath,/opt/lib -Wl,-rpath-link,/home/magic/optware/mbwe-bluering/staging/opt/lib conftest.cpp  >&5
/tmp/ccfxFGTA.o: In function `main':
/home/magic/optware/mbwe-bluering/builds/nzbget-0.7.0_new/conftest.cpp:32: undefined reference to `pthread_create'
collect2: ld returned 1 exit status
configure:4288: $? = 1
configure: failed program was:
| /* confdefs.h.  */
| #define PACKAGE_NAME "nzbget"
| #define PACKAGE_TARNAME "nzbget"
| #define PACKAGE_VERSION "0.7.0"
| #define PACKAGE_STRING "nzbget 0.7.0"
| #define PACKAGE_BUGREPORT "hugbug@users.sourceforge.net"
| #define PACKAGE "nzbget"
| #define VERSION "0.7.0"
| #define STDC_HEADERS 1
| #define HAVE_SYS_TYPES_H 1
| #define HAVE_SYS_STAT_H 1
| #define HAVE_STDLIB_H 1
| #define HAVE_STRING_H 1
| #define HAVE_MEMORY_H 1
| #define HAVE_STRINGS_H 1
| #define HAVE_INTTYPES_H 1
| #define HAVE_STDINT_H 1
| #define HAVE_UNISTD_H 1
| #define HAVE_SYS_PRCTL_H 1
| /* end confdefs.h.  */
| 
| /* Override any GCC internal prototype to avoid an error.
|    Use char because int might match the return type of a GCC
|    builtin and then its argument prototype would still apply.  */
| #ifdef __cplusplus
| extern "C"
| #endif
| char pthread_create ();
| int
| main ()
| {
| return pthread_create ();
|   ;
|   return 0;
| }
configure:4281: /home/magic/optware/mbwe-bluering/toolchain/mbwe-bluering-buildroot/build_arm_nofpu/staging_dir/bin/arm-linux-uclibc-g++ -o conftest -g -O2  -L/home/magic/optware/mbwe-bluering/staging/opt/lib -Wl,-rpath,/opt/lib -Wl,-rpath-link,/home/magic/optware/mbwe-bluering/staging/opt/lib conftest.cpp -lpthread   >&5
configure:4288: $? = 0
configure:4319: result: -lpthread
configure:4327: checking for library containing socket
configure:4368: /home/magic/optware/mbwe-bluering/toolchain/mbwe-bluering-buildroot/build_arm_nofpu/staging_dir/bin/arm-linux-uclibc-g++ -o conftest -g -O2  -L/home/magic/optware/mbwe-bluering/staging/opt/lib -Wl,-rpath,/opt/lib -Wl,-rpath-link,/home/magic/optware/mbwe-bluering/staging/opt/lib conftest.cpp -lpthread  >&5
configure:4375: $? = 0
configure:4406: result: none required
configure:4414: checking for library containing inet_addr
configure:4455: /home/magic/optware/mbwe-bluering/toolchain/mbwe-bluering-buildroot/build_arm_nofpu/staging_dir/bin/arm-linux-uclibc-g++ -o conftest -g -O2  -L/home/magic/optware/mbwe-bluering/staging/opt/lib -Wl,-rpath,/opt/lib -Wl,-rpath-link,/home/magic/optware/mbwe-bluering/staging/opt/lib conftest.cpp -lpthread  >&5
configure:4462: $? = 0
configure:4493: result: none required
configure:4501: checking for library containing hstrerror
configure:4542: /home/magic/optware/mbwe-bluering/toolchain/mbwe-bluering-buildroot/build_arm_nofpu/staging_dir/bin/arm-linux-uclibc-g++ -o conftest -g -O2  -L/home/magic/optware/mbwe-bluering/staging/opt/lib -Wl,-rpath,/opt/lib -Wl,-rpath-link,/home/magic/optware/mbwe-bluering/staging/opt/lib conftest.cpp -lpthread  >&5
configure:4549: $? = 0
configure:4580: result: none required
configure:4590: checking for getopt_long
configure:4646: /home/magic/optware/mbwe-bluering/toolchain/mbwe-bluering-buildroot/build_arm_nofpu/staging_dir/bin/arm-linux-uclibc-g++ -o conftest -g -O2  -L/home/magic/optware/mbwe-bluering/staging/opt/lib -Wl,-rpath,/opt/lib -Wl,-rpath-link,/home/magic/optware/mbwe-bluering/staging/opt/lib conftest.cpp -lpthread  >&5
configure:4653: $? = 0
configure:4673: result: yes
configure:4685: checking for stat64
configure:4741: /home/magic/optware/mbwe-bluering/toolchain/mbwe-bluering-buildroot/build_arm_nofpu/staging_dir/bin/arm-linux-uclibc-g++ -o conftest -g -O2  -L/home/magic/optware/mbwe-bluering/staging/opt/lib -Wl,-rpath,/opt/lib -Wl,-rpath-link,/home/magic/optware/mbwe-bluering/staging/opt/lib conftest.cpp -lpthread  >&5
configure:4748: $? = 0
configure:4768: result: yes
configure:4780: checking for ctime_r
configure:4803: /home/magic/optware/mbwe-bluering/toolchain/mbwe-bluering-buildroot/build_arm_nofpu/staging_dir/bin/arm-linux-uclibc-g++ -c -g -O2  conftest.cpp >&5
/home/magic/optware/mbwe-bluering/toolchain/mbwe-bluering-buildroot/build_arm_nofpu/staging_dir/lib/gcc/arm-linux-uclibc/3.4.2/../../../../arm-linux-uclibc/sys-include/time.h: In function `int main()':
/home/magic/optware/mbwe-bluering/toolchain/mbwe-bluering-buildroot/build_arm_nofpu/staging_dir/lib/gcc/arm-linux-uclibc/3.4.2/../../../../arm-linux-uclibc/sys-include/time.h:284: error: too many arguments to function `char* ctime_r(const time_t*, char*)'
conftest.cpp:27: error: at this point in file
configure:4810: $? = 1
configure: failed program was:
| /* confdefs.h.  */
| #define PACKAGE_NAME "nzbget"
| #define PACKAGE_TARNAME "nzbget"
| #define PACKAGE_VERSION "0.7.0"
| #define PACKAGE_STRING "nzbget 0.7.0"
| #define PACKAGE_BUGREPORT "hugbug@users.sourceforge.net"
| #define PACKAGE "nzbget"
| #define VERSION "0.7.0"
| #define STDC_HEADERS 1
| #define HAVE_SYS_TYPES_H 1
| #define HAVE_SYS_STAT_H 1
| #define HAVE_STDLIB_H 1
| #define HAVE_STRING_H 1
| #define HAVE_MEMORY_H 1
| #define HAVE_STRINGS_H 1
| #define HAVE_INTTYPES_H 1
| #define HAVE_STDINT_H 1
| #define HAVE_UNISTD_H 1
| #define HAVE_SYS_PRCTL_H 1
| #define HAVE_GETOPT_LONG 1
| #define HAVE_STAT64 1
| /* end confdefs.h.  */
| #include <time.h>
| int
| main ()
| {
|  time_t clock; char buf[26];	ctime_r(&clock, buf, 26);
|   ;
|   return 0;
| }
configure:4853: /home/magic/optware/mbwe-bluering/toolchain/mbwe-bluering-buildroot/build_arm_nofpu/staging_dir/bin/arm-linux-uclibc-g++ -c -g -O2  conftest.cpp >&5
configure:4860: $? = 0
configure:4865: result: yes, and it takes 2 arguments
configure:4891: checking for getaddrinfo
configure:4947: /home/magic/optware/mbwe-bluering/toolchain/mbwe-bluering-buildroot/build_arm_nofpu/staging_dir/bin/arm-linux-uclibc-g++ -o conftest -g -O2  -L/home/magic/optware/mbwe-bluering/staging/opt/lib -Wl,-rpath,/opt/lib -Wl,-rpath-link,/home/magic/optware/mbwe-bluering/staging/opt/lib conftest.cpp -lpthread  >&5
configure:4954: $? = 0
configure:4974: result: yes
configure:4983: checking for library containing getaddrinfo
configure:5024: /home/magic/optware/mbwe-bluering/toolchain/mbwe-bluering-buildroot/build_arm_nofpu/staging_dir/bin/arm-linux-uclibc-g++ -o conftest -g -O2  -L/home/magic/optware/mbwe-bluering/staging/opt/lib -Wl,-rpath,/opt/lib -Wl,-rpath-link,/home/magic/optware/mbwe-bluering/staging/opt/lib conftest.cpp -lpthread  >&5
configure:5031: $? = 0
configure:5062: result: none required
configure:5336: checking for type of socket length (socklen_t)
configure:5363: /home/magic/optware/mbwe-bluering/toolchain/mbwe-bluering-buildroot/build_arm_nofpu/staging_dir/bin/arm-linux-uclibc-g++ -c -g -O2  conftest.cpp >&5
configure:5370: $? = 0
configure:5376: result: socklen_t
configure:5757: checking libxml/tree.h usability
configure:5774: /home/magic/optware/mbwe-bluering/toolchain/mbwe-bluering-buildroot/build_arm_nofpu/staging_dir/bin/arm-linux-uclibc-g++ -c -g -O2  -I/home/magic/optware/mbwe-bluering/staging/opt/include/libxml2/ conftest.cpp >&5
configure:5781: $? = 0
configure:5795: result: yes
configure:5799: checking libxml/tree.h presence
configure:5814: /home/magic/optware/mbwe-bluering/toolchain/mbwe-bluering-buildroot/build_arm_nofpu/staging_dir/bin/arm-linux-uclibc-g++ -E  -I/home/magic/optware/mbwe-bluering/staging/opt/include/libxml2/ conftest.cpp
configure:5821: $? = 0
configure:5835: result: yes
configure:5868: checking for libxml/tree.h
configure:5875: result: yes
configure:5888: checking for library containing xmlNewNode
configure:5929: /home/magic/optware/mbwe-bluering/toolchain/mbwe-bluering-buildroot/build_arm_nofpu/staging_dir/bin/arm-linux-uclibc-g++ -o conftest -g -O2  -I/home/magic/optware/mbwe-bluering/staging/opt/include/libxml2/ -L/home/magic/optware/mbwe-bluering/staging/opt/lib -Wl,-rpath,/opt/lib -Wl,-rpath-link,/home/magic/optware/mbwe-bluering/staging/opt/lib -L/home/magic/optware/mbwe-bluering/builds/libxml2/.libs/ conftest.cpp -lpthread  >&5
/tmp/ccCn4wV9.o: In function `main':
/home/magic/optware/mbwe-bluering/builds/nzbget-0.7.0_new/conftest.cpp:37: undefined reference to `xmlNewNode'
collect2: ld returned 1 exit status
configure:5936: $? = 1
configure: failed program was:
| /* confdefs.h.  */
| #define PACKAGE_NAME "nzbget"
| #define PACKAGE_TARNAME "nzbget"
| #define PACKAGE_VERSION "0.7.0"
| #define PACKAGE_STRING "nzbget 0.7.0"
| #define PACKAGE_BUGREPORT "hugbug@users.sourceforge.net"
| #define PACKAGE "nzbget"
| #define VERSION "0.7.0"
| #define STDC_HEADERS 1
| #define HAVE_SYS_TYPES_H 1
| #define HAVE_SYS_STAT_H 1
| #define HAVE_STDLIB_H 1
| #define HAVE_STRING_H 1
| #define HAVE_MEMORY_H 1
| #define HAVE_STRINGS_H 1
| #define HAVE_INTTYPES_H 1
| #define HAVE_STDINT_H 1
| #define HAVE_UNISTD_H 1
| #define HAVE_SYS_PRCTL_H 1
| #define HAVE_GETOPT_LONG 1
| #define HAVE_STAT64 1
| #define HAVE_CTIME_R_2 1
| #define HAVE_GETADDRINFO 1
| #define SOCKLEN_T socklen_t
| /* end confdefs.h.  */
| 
| /* Override any GCC internal prototype to avoid an error.
|    Use char because int might match the return type of a GCC
|    builtin and then its argument prototype would still apply.  */
| #ifdef __cplusplus
| extern "C"
| #endif
| char xmlNewNode ();
| int
| main ()
| {
| return xmlNewNode ();
|   ;
|   return 0;
| }
configure:5929: /home/magic/optware/mbwe-bluering/toolchain/mbwe-bluering-buildroot/build_arm_nofpu/staging_dir/bin/arm-linux-uclibc-g++ -o conftest -g -O2  -I/home/magic/optware/mbwe-bluering/staging/opt/include/libxml2/ -L/home/magic/optware/mbwe-bluering/staging/opt/lib -Wl,-rpath,/opt/lib -Wl,-rpath-link,/home/magic/optware/mbwe-bluering/staging/opt/lib -L/home/magic/optware/mbwe-bluering/builds/libxml2/.libs/ conftest.cpp -lxml2  -lpthread  >&5
configure:5936: $? = 0
configure:5967: result: -lxml2
configure:5981: checking whether to use curses
configure:5990: result: yes
configure:6021: checking ncurses.h usability
configure:6038: /home/magic/optware/mbwe-bluering/toolchain/mbwe-bluering-buildroot/build_arm_nofpu/staging_dir/bin/arm-linux-uclibc-g++ -c -g -O2  -I/home/magic/optware/mbwe-bluering/staging/opt/include/libxml2/ -I/home/magic/optware/mbwe-bluering/builds/ncurses/include conftest.cpp >&5
conftest.cpp:59:21: ncurses.h: No such file or directory
configure:6045: $? = 1
configure: failed program was:
| /* confdefs.h.  */
| #define PACKAGE_NAME "nzbget"
| #define PACKAGE_TARNAME "nzbget"
| #define PACKAGE_VERSION "0.7.0"
| #define PACKAGE_STRING "nzbget 0.7.0"
| #define PACKAGE_BUGREPORT "hugbug@users.sourceforge.net"
| #define PACKAGE "nzbget"
| #define VERSION "0.7.0"
| #define STDC_HEADERS 1
| #define HAVE_SYS_TYPES_H 1
| #define HAVE_SYS_STAT_H 1
| #define HAVE_STDLIB_H 1
| #define HAVE_STRING_H 1
| #define HAVE_MEMORY_H 1
| #define HAVE_STRINGS_H 1
| #define HAVE_INTTYPES_H 1
| #define HAVE_STDINT_H 1
| #define HAVE_UNISTD_H 1
| #define HAVE_SYS_PRCTL_H 1
| #define HAVE_GETOPT_LONG 1
| #define HAVE_STAT64 1
| #define HAVE_CTIME_R_2 1
| #define HAVE_GETADDRINFO 1
| #define SOCKLEN_T socklen_t
| /* end confdefs.h.  */
| #include <stdio.h>
| #ifdef HAVE_SYS_TYPES_H
| # include <sys/types.h>
| #endif
| #ifdef HAVE_SYS_STAT_H
| # include <sys/stat.h>
| #endif
| #ifdef STDC_HEADERS
| # include <stdlib.h>
| # include <stddef.h>
| #else
| # ifdef HAVE_STDLIB_H
| #  include <stdlib.h>
| # endif
| #endif
| #ifdef HAVE_STRING_H
| # if !defined STDC_HEADERS && defined HAVE_MEMORY_H
| #  include <memory.h>
| # endif
| # include <string.h>
| #endif
| #ifdef HAVE_STRINGS_H
| # include <strings.h>
| #endif
| #ifdef HAVE_INTTYPES_H
| # include <inttypes.h>
| #endif
| #ifdef HAVE_STDINT_H
| # include <stdint.h>
| #endif
| #ifdef HAVE_UNISTD_H
| # include <unistd.h>
| #endif
| #include <ncurses.h>
configure:6059: result: no
configure:6063: checking ncurses.h presence
configure:6078: /home/magic/optware/mbwe-bluering/toolchain/mbwe-bluering-buildroot/build_arm_nofpu/staging_dir/bin/arm-linux-uclibc-g++ -E  -I/home/magic/optware/mbwe-bluering/staging/opt/include/libxml2/ -I/home/magic/optware/mbwe-bluering/builds/ncurses/include conftest.cpp
conftest.cpp:26:21: ncurses.h: No such file or directory
configure:6085: $? = 1
configure: failed program was:
| /* confdefs.h.  */
| #define PACKAGE_NAME "nzbget"
| #define PACKAGE_TARNAME "nzbget"
| #define PACKAGE_VERSION "0.7.0"
| #define PACKAGE_STRING "nzbget 0.7.0"
| #define PACKAGE_BUGREPORT "hugbug@users.sourceforge.net"
| #define PACKAGE "nzbget"
| #define VERSION "0.7.0"
| #define STDC_HEADERS 1
| #define HAVE_SYS_TYPES_H 1
| #define HAVE_SYS_STAT_H 1
| #define HAVE_STDLIB_H 1
| #define HAVE_STRING_H 1
| #define HAVE_MEMORY_H 1
| #define HAVE_STRINGS_H 1
| #define HAVE_INTTYPES_H 1
| #define HAVE_STDINT_H 1
| #define HAVE_UNISTD_H 1
| #define HAVE_SYS_PRCTL_H 1
| #define HAVE_GETOPT_LONG 1
| #define HAVE_STAT64 1
| #define HAVE_CTIME_R_2 1
| #define HAVE_GETADDRINFO 1
| #define SOCKLEN_T socklen_t
| /* end confdefs.h.  */
| #include <ncurses.h>
configure:6099: result: no
configure:6132: checking for ncurses.h
configure:6139: result: no
configure:6166: checking ncurses/ncurses.h usability
configure:6183: /home/magic/optware/mbwe-bluering/toolchain/mbwe-bluering-buildroot/build_arm_nofpu/staging_dir/bin/arm-linux-uclibc-g++ -c -g -O2  -I/home/magic/optware/mbwe-bluering/staging/opt/include/libxml2/ -I/home/magic/optware/mbwe-bluering/builds/ncurses/include conftest.cpp >&5
conftest.cpp:59:29: ncurses/ncurses.h: No such file or directory
configure:6190: $? = 1
configure: failed program was:
| /* confdefs.h.  */
| #define PACKAGE_NAME "nzbget"
| #define PACKAGE_TARNAME "nzbget"
| #define PACKAGE_VERSION "0.7.0"
| #define PACKAGE_STRING "nzbget 0.7.0"
| #define PACKAGE_BUGREPORT "hugbug@users.sourceforge.net"
| #define PACKAGE "nzbget"
| #define VERSION "0.7.0"
| #define STDC_HEADERS 1
| #define HAVE_SYS_TYPES_H 1
| #define HAVE_SYS_STAT_H 1
| #define HAVE_STDLIB_H 1
| #define HAVE_STRING_H 1
| #define HAVE_MEMORY_H 1
| #define HAVE_STRINGS_H 1
| #define HAVE_INTTYPES_H 1
| #define HAVE_STDINT_H 1
| #define HAVE_UNISTD_H 1
| #define HAVE_SYS_PRCTL_H 1
| #define HAVE_GETOPT_LONG 1
| #define HAVE_STAT64 1
| #define HAVE_CTIME_R_2 1
| #define HAVE_GETADDRINFO 1
| #define SOCKLEN_T socklen_t
| /* end confdefs.h.  */
| #include <stdio.h>
| #ifdef HAVE_SYS_TYPES_H
| # include <sys/types.h>
| #endif
| #ifdef HAVE_SYS_STAT_H
| # include <sys/stat.h>
| #endif
| #ifdef STDC_HEADERS
| # include <stdlib.h>
| # include <stddef.h>
| #else
| # ifdef HAVE_STDLIB_H
| #  include <stdlib.h>
| # endif
| #endif
| #ifdef HAVE_STRING_H
| # if !defined STDC_HEADERS && defined HAVE_MEMORY_H
| #  include <memory.h>
| # endif
| # include <string.h>
| #endif
| #ifdef HAVE_STRINGS_H
| # include <strings.h>
| #endif
| #ifdef HAVE_INTTYPES_H
| # include <inttypes.h>
| #endif
| #ifdef HAVE_STDINT_H
| # include <stdint.h>
| #endif
| #ifdef HAVE_UNISTD_H
| # include <unistd.h>
| #endif
| #include <ncurses/ncurses.h>
configure:6204: result: no
configure:6208: checking ncurses/ncurses.h presence
configure:6223: /home/magic/optware/mbwe-bluering/toolchain/mbwe-bluering-buildroot/build_arm_nofpu/staging_dir/bin/arm-linux-uclibc-g++ -E  -I/home/magic/optware/mbwe-bluering/staging/opt/include/libxml2/ -I/home/magic/optware/mbwe-bluering/builds/ncurses/include conftest.cpp
conftest.cpp:26:29: ncurses/ncurses.h: No such file or directory
configure:6230: $? = 1
configure: failed program was:
| /* confdefs.h.  */
| #define PACKAGE_NAME "nzbget"
| #define PACKAGE_TARNAME "nzbget"
| #define PACKAGE_VERSION "0.7.0"
| #define PACKAGE_STRING "nzbget 0.7.0"
| #define PACKAGE_BUGREPORT "hugbug@users.sourceforge.net"
| #define PACKAGE "nzbget"
| #define VERSION "0.7.0"
| #define STDC_HEADERS 1
| #define HAVE_SYS_TYPES_H 1
| #define HAVE_SYS_STAT_H 1
| #define HAVE_STDLIB_H 1
| #define HAVE_STRING_H 1
| #define HAVE_MEMORY_H 1
| #define HAVE_STRINGS_H 1
| #define HAVE_INTTYPES_H 1
| #define HAVE_STDINT_H 1
| #define HAVE_UNISTD_H 1
| #define HAVE_SYS_PRCTL_H 1
| #define HAVE_GETOPT_LONG 1
| #define HAVE_STAT64 1
| #define HAVE_CTIME_R_2 1
| #define HAVE_GETADDRINFO 1
| #define SOCKLEN_T socklen_t
| /* end confdefs.h.  */
| #include <ncurses/ncurses.h>
configure:6244: result: no
configure:6277: checking for ncurses/ncurses.h
configure:6284: result: no
configure:6312: checking curses.h usability
configure:6329: /home/magic/optware/mbwe-bluering/toolchain/mbwe-bluering-buildroot/build_arm_nofpu/staging_dir/bin/arm-linux-uclibc-g++ -c -g -O2  -I/home/magic/optware/mbwe-bluering/staging/opt/include/libxml2/ -I/home/magic/optware/mbwe-bluering/builds/ncurses/include conftest.cpp >&5
configure:6336: $? = 0
configure:6350: result: yes
configure:6354: checking curses.h presence
configure:6369: /home/magic/optware/mbwe-bluering/toolchain/mbwe-bluering-buildroot/build_arm_nofpu/staging_dir/bin/arm-linux-uclibc-g++ -E  -I/home/magic/optware/mbwe-bluering/staging/opt/include/libxml2/ -I/home/magic/optware/mbwe-bluering/builds/ncurses/include conftest.cpp
configure:6376: $? = 0
configure:6390: result: yes
configure:6423: checking for curses.h
configure:6430: result: yes
configure:6452: checking for library containing refresh
configure:6493: /home/magic/optware/mbwe-bluering/toolchain/mbwe-bluering-buildroot/build_arm_nofpu/staging_dir/bin/arm-linux-uclibc-g++ -o conftest -g -O2  -I/home/magic/optware/mbwe-bluering/staging/opt/include/libxml2/ -I/home/magic/optware/mbwe-bluering/builds/ncurses/include -L/home/magic/optware/mbwe-bluering/staging/opt/lib -Wl,-rpath,/opt/lib -Wl,-rpath-link,/home/magic/optware/mbwe-bluering/staging/opt/lib -L/home/magic/optware/mbwe-bluering/builds/libxml2/.libs/ -L/home/magic/optware/mbwe-bluering/builds/ncurses/lib conftest.cpp -lxml2 -lpthread  >&5
/tmp/cc9qQYQz.o: In function `main':
/home/magic/optware/mbwe-bluering/builds/nzbget-0.7.0_new/conftest.cpp:38: undefined reference to `refresh'
collect2: ld returned 1 exit status
configure:6500: $? = 1
configure: failed program was:
| /* confdefs.h.  */
| #define PACKAGE_NAME "nzbget"
| #define PACKAGE_TARNAME "nzbget"
| #define PACKAGE_VERSION "0.7.0"
| #define PACKAGE_STRING "nzbget 0.7.0"
| #define PACKAGE_BUGREPORT "hugbug@users.sourceforge.net"
| #define PACKAGE "nzbget"
| #define VERSION "0.7.0"
| #define STDC_HEADERS 1
| #define HAVE_SYS_TYPES_H 1
| #define HAVE_SYS_STAT_H 1
| #define HAVE_STDLIB_H 1
| #define HAVE_STRING_H 1
| #define HAVE_MEMORY_H 1
| #define HAVE_STRINGS_H 1
| #define HAVE_INTTYPES_H 1
| #define HAVE_STDINT_H 1
| #define HAVE_UNISTD_H 1
| #define HAVE_SYS_PRCTL_H 1
| #define HAVE_GETOPT_LONG 1
| #define HAVE_STAT64 1
| #define HAVE_CTIME_R_2 1
| #define HAVE_GETADDRINFO 1
| #define SOCKLEN_T socklen_t
| #define HAVE_CURSES_H 1
| /* end confdefs.h.  */
| 
| /* Override any GCC internal prototype to avoid an error.
|    Use char because int might match the return type of a GCC
|    builtin and then its argument prototype would still apply.  */
| #ifdef __cplusplus
| extern "C"
| #endif
| char refresh ();
| int
| main ()
| {
| return refresh ();
|   ;
|   return 0;
| }
configure:6493: /home/magic/optware/mbwe-bluering/toolchain/mbwe-bluering-buildroot/build_arm_nofpu/staging_dir/bin/arm-linux-uclibc-g++ -o conftest -g -O2  -I/home/magic/optware/mbwe-bluering/staging/opt/include/libxml2/ -I/home/magic/optware/mbwe-bluering/builds/ncurses/include -L/home/magic/optware/mbwe-bluering/staging/opt/lib -Wl,-rpath,/opt/lib -Wl,-rpath-link,/home/magic/optware/mbwe-bluering/staging/opt/lib -L/home/magic/optware/mbwe-bluering/builds/libxml2/.libs/ -L/home/magic/optware/mbwe-bluering/builds/ncurses/lib conftest.cpp -lncurses  -lxml2 -lpthread  >&5
configure:6500: $? = 0
configure:6531: result: -lncurses
configure:6552: checking whether to include code for par-checking
configure:6561: result: no
configure:7217: checking whether to use TLS/SSL
configure:7226: result: yes
configure:7628: checking openssl/ssl.h usability
configure:7645: /home/magic/optware/mbwe-bluering/toolchain/mbwe-bluering-buildroot/build_arm_nofpu/staging_dir/bin/arm-linux-uclibc-g++ -c -g -O2  -I/home/magic/optware/mbwe-bluering/staging/opt/include/libxml2/ -I/home/magic/optware/mbwe-bluering/builds/ncurses/include -I/home/magic/optware/mbwe-bluering/staging/opt/include/ conftest.cpp >&5
configure:7652: $? = 0
configure:7666: result: yes
configure:7670: checking openssl/ssl.h presence
configure:7685: /home/magic/optware/mbwe-bluering/toolchain/mbwe-bluering-buildroot/build_arm_nofpu/staging_dir/bin/arm-linux-uclibc-g++ -E  -I/home/magic/optware/mbwe-bluering/staging/opt/include/libxml2/ -I/home/magic/optware/mbwe-bluering/builds/ncurses/include -I/home/magic/optware/mbwe-bluering/staging/opt/include/ conftest.cpp
configure:7692: $? = 0
configure:7706: result: yes
configure:7739: checking for openssl/ssl.h
configure:7746: result: yes
configure:7764: checking for library containing SSL_library_init
configure:7805: /home/magic/optware/mbwe-bluering/toolchain/mbwe-bluering-buildroot/build_arm_nofpu/staging_dir/bin/arm-linux-uclibc-g++ -o conftest -g -O2  -I/home/magic/optware/mbwe-bluering/staging/opt/include/libxml2/ -I/home/magic/optware/mbwe-bluering/builds/ncurses/include -I/home/magic/optware/mbwe-bluering/staging/opt/include/ -L/home/magic/optware/mbwe-bluering/staging/opt/lib -Wl,-rpath,/opt/lib -Wl,-rpath-link,/home/magic/optware/mbwe-bluering/staging/opt/lib -L/home/magic/optware/mbwe-bluering/builds/libxml2/.libs/ -L/home/magic/optware/mbwe-bluering/builds/ncurses/lib -L/home/magic/optware/mbwe-bluering/build/openssl conftest.cpp -lncurses -lxml2 -lpthread  >&5
/tmp/ccMWjcIR.o: In function `main':
/home/magic/optware/mbwe-bluering/builds/nzbget-0.7.0_new/conftest.cpp:39: undefined reference to `SSL_library_init'
collect2: ld returned 1 exit status
configure:7812: $? = 1
configure: failed program was:
| /* confdefs.h.  */
| #define PACKAGE_NAME "nzbget"
| #define PACKAGE_TARNAME "nzbget"
| #define PACKAGE_VERSION "0.7.0"
| #define PACKAGE_STRING "nzbget 0.7.0"
| #define PACKAGE_BUGREPORT "hugbug@users.sourceforge.net"
| #define PACKAGE "nzbget"
| #define VERSION "0.7.0"
| #define STDC_HEADERS 1
| #define HAVE_SYS_TYPES_H 1
| #define HAVE_SYS_STAT_H 1
| #define HAVE_STDLIB_H 1
| #define HAVE_STRING_H 1
| #define HAVE_MEMORY_H 1
| #define HAVE_STRINGS_H 1
| #define HAVE_INTTYPES_H 1
| #define HAVE_STDINT_H 1
| #define HAVE_UNISTD_H 1
| #define HAVE_SYS_PRCTL_H 1
| #define HAVE_GETOPT_LONG 1
| #define HAVE_STAT64 1
| #define HAVE_CTIME_R_2 1
| #define HAVE_GETADDRINFO 1
| #define SOCKLEN_T socklen_t
| #define HAVE_CURSES_H 1
| #define DISABLE_PARCHECK 1
| /* end confdefs.h.  */
| 
| /* Override any GCC internal prototype to avoid an error.
|    Use char because int might match the return type of a GCC
|    builtin and then its argument prototype would still apply.  */
| #ifdef __cplusplus
| extern "C"
| #endif
| char SSL_library_init ();
| int
| main ()
| {
| return SSL_library_init ();
|   ;
|   return 0;
| }
configure:7805: /home/magic/optware/mbwe-bluering/toolchain/mbwe-bluering-buildroot/build_arm_nofpu/staging_dir/bin/arm-linux-uclibc-g++ -o conftest -g -O2  -I/home/magic/optware/mbwe-bluering/staging/opt/include/libxml2/ -I/home/magic/optware/mbwe-bluering/builds/ncurses/include -I/home/magic/optware/mbwe-bluering/staging/opt/include/ -L/home/magic/optware/mbwe-bluering/staging/opt/lib -Wl,-rpath,/opt/lib -Wl,-rpath-link,/home/magic/optware/mbwe-bluering/staging/opt/lib -L/home/magic/optware/mbwe-bluering/builds/libxml2/.libs/ -L/home/magic/optware/mbwe-bluering/builds/ncurses/lib -L/home/magic/optware/mbwe-bluering/build/openssl conftest.cpp -lssl  -lncurses -lxml2 -lpthread  >&5
configure:7812: $? = 0
configure:7843: result: -lssl
configure:7889: checking whether to include all debugging code
configure:7898: result: no
configure:8307: creating ./config.status

## ---------------------- ##
## Running config.status. ##
## ---------------------- ##

This file was extended by nzbget config.status 0.7.0, which was
generated by GNU Autoconf 2.63.  Invocation command line was

  CONFIG_FILES    = 
  CONFIG_HEADERS  = 
  CONFIG_LINKS    = 
  CONFIG_COMMANDS = 
  $ ./config.status 

on magic-desktop

config.status:797: creating Makefile
config.status:797: creating config.h
config.status:1064: executing depfiles commands

## ---------------- ##
## Cache variables. ##
## ---------------- ##

ac_cv_build=i386-pc-linux-gnu
ac_cv_cxx_compiler_gnu=yes
ac_cv_env_CCC_set=
ac_cv_env_CCC_value=
ac_cv_env_CPPFLAGS_set=
ac_cv_env_CPPFLAGS_value=
ac_cv_env_CXXCPP_set=
ac_cv_env_CXXCPP_value=
ac_cv_env_CXXFLAGS_set=
ac_cv_env_CXXFLAGS_value=
ac_cv_env_CXX_set=set
ac_cv_env_CXX_value=/home/magic/optware/mbwe-bluering/toolchain/mbwe-bluering-buildroot/build_arm_nofpu/staging_dir/bin/arm-linux-uclibc-g++
ac_cv_env_LDFLAGS_set=set
ac_cv_env_LDFLAGS_value='-L/home/magic/optware/mbwe-bluering/staging/opt/lib -Wl,-rpath,/opt/lib -Wl,-rpath-link,/home/magic/optware/mbwe-bluering/staging/opt/lib'
ac_cv_env_LIBS_set=
ac_cv_env_LIBS_value=
ac_cv_env_PKG_CONFIG_set=
ac_cv_env_PKG_CONFIG_value=
ac_cv_env_build_alias_set=set
ac_cv_env_build_alias_value=i386-pc-linux-gnu
ac_cv_env_host_alias_set=set
ac_cv_env_host_alias_value=arm-linux
ac_cv_env_libsigc_CFLAGS_set=
ac_cv_env_libsigc_CFLAGS_value=
ac_cv_env_libsigc_LIBS_set=
ac_cv_env_libsigc_LIBS_value=
ac_cv_env_libxml2_CFLAGS_set=
ac_cv_env_libxml2_CFLAGS_value=
ac_cv_env_libxml2_LIBS_set=
ac_cv_env_libxml2_LIBS_value=
ac_cv_env_target_alias_set=set
ac_cv_env_target_alias_value=arm-linux
ac_cv_func_getaddrinfo=yes
ac_cv_func_getopt_long=yes
ac_cv_func_stat64=yes
ac_cv_header_curses_h=yes
ac_cv_header_inttypes_h=yes
ac_cv_header_libxml_tree_h=yes
ac_cv_header_memory_h=yes
ac_cv_header_ncurses_h=no
ac_cv_header_ncurses_ncurses_h=no
ac_cv_header_openssl_ssl_h=yes
ac_cv_header_stdc=yes
ac_cv_header_stdint_h=yes
ac_cv_header_stdlib_h=yes
ac_cv_header_string_h=yes
ac_cv_header_strings_h=yes
ac_cv_header_sys_prctl_h=yes
ac_cv_header_sys_stat_h=yes
ac_cv_header_sys_types_h=yes
ac_cv_header_unistd_h=yes
ac_cv_host=arm-unknown-linux-gnu
ac_cv_objext=o
ac_cv_path_EGREP='/bin/grep -E'
ac_cv_path_GREP=/bin/grep
ac_cv_path_MAKE=/usr/bin/make
ac_cv_path_TAR=/home/magic/asuswrt/release/src-rt-6.x.4708/toolchains/hndtools-arm-linux-2.6.36-uclibc-4.5.3/bin/tar
ac_cv_path_install='/usr/bin/install -c'
ac_cv_prog_AWK=gawk
ac_cv_prog_CXXCPP='/home/magic/optware/mbwe-bluering/toolchain/mbwe-bluering-buildroot/build_arm_nofpu/staging_dir/bin/arm-linux-uclibc-g++ -E'
ac_cv_prog_ac_ct_STRIP=strip
ac_cv_prog_cxx_g=yes
ac_cv_prog_make_make_set=yes
ac_cv_search_SSL_library_init=-lssl
ac_cv_search_getaddrinfo='none required'
ac_cv_search_hstrerror='none required'
ac_cv_search_inet_addr='none required'
ac_cv_search_pthread_create=-lpthread
ac_cv_search_refresh=-lncurses
ac_cv_search_socket='none required'
ac_cv_search_xmlNewNode=-lxml2
am_cv_CXX_dependencies_compiler_type=gcc3

## ----------------- ##
## Output variables. ##
## ----------------- ##

ACLOCAL='${SHELL} /home/magic/optware/mbwe-bluering/builds/nzbget-0.7.0_new/missing --run aclocal-1.9'
ADDSRCS=''
AMDEPBACKSLASH='\'
AMDEP_FALSE='#'
AMDEP_TRUE=''
AMTAR='${SHELL} /home/magic/optware/mbwe-bluering/builds/nzbget-0.7.0_new/missing --run tar'
AR='/home/magic/optware/mbwe-bluering/toolchain/mbwe-bluering-buildroot/build_arm_nofpu/staging_dir/bin/arm-linux-uclibc-ar'
AUTOCONF='${SHELL} /home/magic/optware/mbwe-bluering/builds/nzbget-0.7.0_new/missing --run autoconf'
AUTOHEADER='${SHELL} /home/magic/optware/mbwe-bluering/builds/nzbget-0.7.0_new/missing --run autoheader'
AUTOMAKE='${SHELL} /home/magic/optware/mbwe-bluering/builds/nzbget-0.7.0_new/missing --run automake-1.9'
AWK='gawk'
CFLAGS=' -I/home/magic/optware/mbwe-bluering/staging/opt/include/libxml2/ -I/home/magic/optware/mbwe-bluering/builds/ncurses/include -I/home/magic/optware/mbwe-bluering/staging/opt/include/'
CPPFLAGS=' -I/home/magic/optware/mbwe-bluering/staging/opt/include/libxml2/ -I/home/magic/optware/mbwe-bluering/builds/ncurses/include -I/home/magic/optware/mbwe-bluering/staging/opt/include/'
CXX='/home/magic/optware/mbwe-bluering/toolchain/mbwe-bluering-buildroot/build_arm_nofpu/staging_dir/bin/arm-linux-uclibc-g++'
CXXCPP='/home/magic/optware/mbwe-bluering/toolchain/mbwe-bluering-buildroot/build_arm_nofpu/staging_dir/bin/arm-linux-uclibc-g++ -E'
CXXDEPMODE='depmode=gcc3'
CXXFLAGS='-g -O2'
CYGPATH_W='echo'
DEFS='-DHAVE_CONFIG_H'
DEPDIR='.deps'
ECHO_C=''
ECHO_N='-n'
ECHO_T=''
EGREP='/bin/grep -E'
EXEEXT=''
GREP='/bin/grep'
INSTALL_DATA='${INSTALL} -m 644'
INSTALL_PROGRAM='${INSTALL}'
INSTALL_SCRIPT='${INSTALL}'
INSTALL_STRIP_PROGRAM='${SHELL} $(install_sh) -c -s'
LDFLAGS='-L/home/magic/optware/mbwe-bluering/staging/opt/lib -Wl,-rpath,/opt/lib -Wl,-rpath-link,/home/magic/optware/mbwe-bluering/staging/opt/lib -L/home/magic/optware/mbwe-bluering/builds/libxml2/.libs/ -L/home/magic/optware/mbwe-bluering/builds/ncurses/lib -L/home/magic/optware/mbwe-bluering/build/openssl'
LIBOBJS=''
LIBS='-lssl -lncurses -lxml2 -lpthread '
LTLIBOBJS=''
MAKE='/usr/bin/make'
MAKEINFO='${SHELL} /home/magic/optware/mbwe-bluering/builds/nzbget-0.7.0_new/missing --run makeinfo'
OBJEXT='o'
PACKAGE='nzbget'
PACKAGE_BUGREPORT='hugbug@users.sourceforge.net'
PACKAGE_NAME='nzbget'
PACKAGE_STRING='nzbget 0.7.0'
PACKAGE_TARNAME='nzbget'
PACKAGE_VERSION='0.7.0'
PATH_SEPARATOR=':'
PKG_CONFIG=''
SET_MAKE=''
SHELL='/bin/sh'
STRIP='strip'
TAR='/home/magic/asuswrt/release/src-rt-6.x.4708/toolchains/hndtools-arm-linux-2.6.36-uclibc-4.5.3/bin/tar'
VERSION='0.7.0'
ac_ct_CXX=''
am__fastdepCXX_FALSE='#'
am__fastdepCXX_TRUE=''
am__include='include'
am__leading_dot='.'
am__quote=''
am__tar='${AMTAR} chof - "$$tardir"'
am__untar='${AMTAR} xf -'
bindir='${exec_prefix}/bin'
build='i386-pc-linux-gnu'
build_alias='i386-pc-linux-gnu'
build_cpu='i386'
build_os='linux-gnu'
build_vendor='pc'
datadir='${datarootdir}'
datarootdir='${prefix}/share'
docdir='${datarootdir}/doc/${PACKAGE_TARNAME}'
dvidir='${docdir}'
exec_prefix='${prefix}'
host='arm-unknown-linux-gnu'
host_alias='arm-linux'
host_cpu='arm'
host_os='linux-gnu'
host_vendor='unknown'
htmldir='${docdir}'
includedir='${prefix}/include'
infodir='${datarootdir}/info'
install_sh='/home/magic/optware/mbwe-bluering/builds/nzbget-0.7.0_new/install-sh'
libdir='/opt/lib'
libexecdir='${exec_prefix}/libexec'
libsigc_CFLAGS=''
libsigc_LIBS=''
libxml2_CFLAGS=''
libxml2_LIBS=''
localedir='${datarootdir}/locale'
localstatedir='${prefix}/var'
mandir='${datarootdir}/man'
mkdir_p='mkdir -p --'
oldincludedir='/usr/include'
pdfdir='${docdir}'
prefix='/opt'
program_transform_name='s,x,x,'
psdir='${docdir}'
sbindir='${exec_prefix}/sbin'
sharedstatedir='${prefix}/com'
sysconfdir='${prefix}/etc'
target_alias='arm-linux'

## ----------- ##
## confdefs.h. ##
## ----------- ##

#define PACKAGE_NAME "nzbget"
#define PACKAGE_TARNAME "nzbget"
#define PACKAGE_VERSION "0.7.0"
#define PACKAGE_STRING "nzbget 0.7.0"
#define PACKAGE_BUGREPORT "hugbug@users.sourceforge.net"
#define PACKAGE "nzbget"
#define VERSION "0.7.0"
#define STDC_HEADERS 1
#define HAVE_SYS_TYPES_H 1
#define HAVE_SYS_STAT_H 1
#define HAVE_STDLIB_H 1
#define HAVE_STRING_H 1
#define HAVE_MEMORY_H 1
#define HAVE_STRINGS_H 1
#define HAVE_INTTYPES_H 1
#define HAVE_STDINT_H 1
#define HAVE_UNISTD_H 1
#define HAVE_SYS_PRCTL_H 1
#define HAVE_GETOPT_LONG 1
#define HAVE_STAT64 1
#define HAVE_CTIME_R_2 1
#define HAVE_GETADDRINFO 1
#define SOCKLEN_T socklen_t
#define HAVE_CURSES_H 1
#define DISABLE_PARCHECK 1
#define HAVE_OPENSSL 1

configure: exit 0
